<?xml version="1.0" encoding="UTF-8"?>
<!-- Generated by org.testng.reporters.JUnitReportReporter -->
<testsuite skipped="0" hostname="DESKTOP-CL8QTLN" name="com.qa.test.TC_Post_Request" tests="3" failures="0" timestamp="23 Jul 2021 13:26:41 GMT" time="3.413" errors="0">
  <testcase name="createUserTest" time="1.553" classname="com.qa.test.TC_Post_Request"/>
  <testcase name="createUserTest1" time="1.006" classname="com.qa.test.TC_Post_Request"/>
  <testcase name="createUserTest2" time="0.854" classname="com.qa.test.TC_Post_Request"/>
</testsuite> <!-- com.qa.test.TC_Post_Request -->
