<?xml version="1.0" encoding="UTF-8"?>
<!-- Generated by org.testng.reporters.JUnitReportReporter -->
<testsuite skipped="0" hostname="DESKTOP-CL8QTLN" name="random.BDDclass" tests="1" failures="0" timestamp="23 Jul 2021 08:55:59 GMT" time="2.626" errors="0">
  <testcase name="getSinglerUserTest" time="2.626" classname="random.BDDclass"/>
</testsuite> <!-- random.BDDclass -->
