<?xml version="1.0" encoding="UTF-8"?>
<!-- Generated by org.testng.reporters.JUnitReportReporter -->
<testsuite skipped="0" hostname="DESKTOP-CL8QTLN" name="com.qa.test.BDDclass" tests="1" failures="0" timestamp="23 Jul 2021 10:01:14 GMT" time="3.304" errors="0">
  <testcase name="createUser" time="3.304" classname="com.qa.test.BDDclass"/>
</testsuite> <!-- com.qa.test.BDDclass -->
