<?xml version="1.0" encoding="UTF-8"?>
<!-- Generated by org.testng.reporters.JUnitReportReporter -->
<testsuite skipped="0" hostname="DESKTOP-CL8QTLN" name="com.qa.test.TC_Put_Request" tests="1" failures="0" timestamp="23 Jul 2021 13:26:41 GMT" time="1.075" errors="0">
  <testcase name="updateUserTest" time="1.075" classname="com.qa.test.TC_Put_Request"/>
</testsuite> <!-- com.qa.test.TC_Put_Request -->
