<?xml version="1.0" encoding="UTF-8"?>
<!-- Generated by org.testng.reporters.JUnitReportReporter -->
<testsuite skipped="0" hostname="DESKTOP-CL8QTLN" name="com.qa.test.TC_Get_Request" tests="2" failures="0" timestamp="23 Jul 2021 13:26:41 GMT" time="3.329" errors="0">
  <testcase name="getSinglerUserTest" time="0.670" classname="com.qa.test.TC_Get_Request"/>
  <testcase name="getAllUserTest" time="2.659" classname="com.qa.test.TC_Get_Request"/>
</testsuite> <!-- com.qa.test.TC_Get_Request -->
