<?xml version="1.0" encoding="UTF-8"?>
<!-- Generated by org.testng.reporters.JUnitReportReporter -->
<testsuite skipped="0" hostname="DESKTOP-CL8QTLN" name="com.qa.test.TC_Post_Request" tests="3" failures="0" timestamp="26 Jul 2021 16:29:48 GMT" time="2.768" errors="0">
  <testcase name="createUserTest" time="1.169" classname="com.qa.test.TC_Post_Request"/>
  <testcase name="createUserTest1" time="0.704" classname="com.qa.test.TC_Post_Request"/>
  <testcase name="createUserTest2" time="0.895" classname="com.qa.test.TC_Post_Request"/>
</testsuite> <!-- com.qa.test.TC_Post_Request -->
