<?xml version="1.0" encoding="UTF-8"?>
<!-- Generated by org.testng.reporters.JUnitReportReporter -->
<testsuite skipped="0" hostname="DESKTOP-CL8QTLN" name="com.qa.test.TC_Delete_Request" tests="1" failures="0" timestamp="26 Jul 2021 16:29:48 GMT" time="0.937" errors="0">
  <testcase name="deleteUserTest" time="0.937" classname="com.qa.test.TC_Delete_Request"/>
</testsuite> <!-- com.qa.test.TC_Delete_Request -->
