<?xml version="1.0" encoding="UTF-8"?>
<!-- Generated by org.testng.reporters.JUnitReportReporter -->
<testsuite skipped="0" hostname="DESKTOP-CL8QTLN" name="com.qa.test.TC_Get_Request" tests="2" failures="0" timestamp="26 Jul 2021 16:29:48 GMT" time="5.300" errors="0">
  <testcase name="getSinglerUserTest" time="0.691" classname="com.qa.test.TC_Get_Request"/>
  <testcase name="getAllUserTest" time="4.609" classname="com.qa.test.TC_Get_Request"/>
</testsuite> <!-- com.qa.test.TC_Get_Request -->
